<?xml version="1.0" encoding="utf-8"?>
<TestRun id="17a1de33-1615-4de1-bdc9-ebed0ddd86ad" name="@Bobo 2021-05-20 13:28:36" xmlns="http://microsoft.com/schemas/VisualStudio/TeamTest/2010">
  <Times creation="2021-05-20T13:28:36.2703728-05:00" queuing="2021-05-20T13:28:36.2703729-05:00" start="2021-05-20T13:28:34.5724106-05:00" finish="2021-05-20T13:28:36.2815814-05:00" />
  <TestSettings name="default" id="29ca339c-82f9-4665-969b-50e6fb2abcf5">
    <Deployment runDeploymentRoot="_Bobo_2021-05-20_13_28_36" />
  </TestSettings>
  <Results>
    <UnitTestResult executionId="3ac9c1a8-ddc8-4bd9-a9ea-e4f666bc40c9" testId="7b2654c4-5ddf-71a6-875f-fd6d0c0d6a31" testName="Revachess.Testing.UnitTest1.Test1" computerName="Bobo" duration="00:00:00.0030246" startTime="2021-05-20T13:28:36.1177273-05:00" endTime="2021-05-20T13:28:36.1178223-05:00" testType="13cdc9d9-ddb5-4fa4-a97d-d965ccfc6d4b" outcome="Passed" testListId="8c84fa94-04c1-424b-9868-57a2d4851a1d" relativeResultsDirectory="3ac9c1a8-ddc8-4bd9-a9ea-e4f666bc40c9" />
  </Results>
  <TestDefinitions>
    <UnitTest name="Revachess.Testing.UnitTest1.Test1" storage="/home/akovi/revature/p2/aspnet/revachess.testing/bin/debug/net5.0/revachess.testing.dll" id="7b2654c4-5ddf-71a6-875f-fd6d0c0d6a31">
      <Execution id="3ac9c1a8-ddc8-4bd9-a9ea-e4f666bc40c9" />
      <TestMethod codeBase="/home/akovi/revature/p2/aspnet/Revachess.Testing/bin/Debug/net5.0/Revachess.Testing.dll" adapterTypeName="executor://xunit/VsTestRunner2/netcoreapp" className="Revachess.Testing.UnitTest1" name="Test1" />
    </UnitTest>
  </TestDefinitions>
  <TestEntries>
    <TestEntry testId="7b2654c4-5ddf-71a6-875f-fd6d0c0d6a31" executionId="3ac9c1a8-ddc8-4bd9-a9ea-e4f666bc40c9" testListId="8c84fa94-04c1-424b-9868-57a2d4851a1d" />
  </TestEntries>
  <TestLists>
    <TestList name="Results Not in a List" id="8c84fa94-04c1-424b-9868-57a2d4851a1d" />
    <TestList name="All Loaded Results" id="19431567-8539-422a-85d7-44ee4e166bda" />
  </TestLists>
  <ResultSummary outcome="Completed">
    <Counters total="1" executed="1" passed="1" failed="0" error="0" timeout="0" aborted="0" inconclusive="0" passedButRunAborted="0" notRunnable="0" notExecuted="0" disconnected="0" warning="0" completed="0" inProgress="0" pending="0" />
    <Output>
      <StdOut>[xUnit.net 00:00:00.00] xUnit.net VSTest Adapter v2.4.3+1b45f5407b (64-bit .NET 5.0.5)
[xUnit.net 00:00:00.55]   Discovering: Revachess.Testing
[xUnit.net 00:00:00.60]   Discovered:  Revachess.Testing
[xUnit.net 00:00:00.60]   Starting:    Revachess.Testing
[xUnit.net 00:00:00.70]   Finished:    Revachess.Testing
</StdOut>
    </Output>
  </ResultSummary>
</TestRun>